2026-02-21 18:54:46,395 | INFO | Binance Futures Client Initialized
2026-02-21 18:54:46,396 | INFO | Preparing order
2026-02-21 18:54:46,396 | INFO | Order Params: {'symbol': 'BTCUSDT', 'side': 'BUY', 'type': 'MARKET', 'quantity': 0.001}
2026-02-21 18:54:47,269 | ERROR | Order Failed: APIError(code=-4164): Order's notional must be no smaller than 100 (unless you choose reduce only).
2026-02-21 18:55:27,197 | INFO | Binance Futures Client Initialized
2026-02-21 18:55:27,198 | INFO | Preparing order
2026-02-21 18:55:27,198 | INFO | Order Params: {'symbol': 'BTCUSDT', 'side': 'BUY', 'type': 'MARKET', 'quantity': 0.003}
2026-02-21 18:55:28,358 | INFO | Order Response: {'orderId': 12441332531, 'symbol': 'BTCUSDT', 'status': 'NEW', 'clientOrderId': 'x-Cb7ytekJ6c0fe76e866e904f6e5d45', 'price': '0.00', 'avgPrice': '0.00', 'origQty': '0.003', 'executedQty': '0.000', 'cumQty': '0.000', 'cumQuote': '0.00000', 'timeInForce': 'GTC', 'type': 'MARKET', 'reduceOnly': False, 'closePosition': False, 'side': 'BUY', 'positionSide': 'BOTH', 'stopPrice': '0.00', 'workingType': 'CONTRACT_PRICE', 'priceProtect': False, 'origType': 'MARKET', 'priceMatch': 'NONE', 'selfTradePreventionMode': 'EXPIRE_MAKER', 'goodTillDate': 0, 'updateTime': 1771680329159}
2026-02-21 18:55:55,819 | INFO | Binance Futures Client Initialized
2026-02-21 18:55:55,820 | INFO | Preparing order
2026-02-21 18:55:55,821 | INFO | Order Params: {'symbol': 'BTCUSDT', 'side': 'SELL', 'type': 'LIMIT', 'quantity': 0.003, 'price': 50000.0, 'timeInForce': 'GTC'}
2026-02-21 18:55:56,468 | ERROR | Order Failed: APIError(code=-4024): Limit price can't be lower than 64721.03.
2026-02-21 18:56:07,532 | INFO | Binance Futures Client Initialized
2026-02-21 18:56:07,533 | INFO | Preparing order
2026-02-21 18:56:07,533 | INFO | Order Params: {'symbol': 'BTCUSDT', 'side': 'BUY', 'type': 'MARKET', 'quantity': 0.005}
2026-02-21 18:56:08,468 | INFO | Order Response: {'orderId': 12441343914, 'symbol': 'BTCUSDT', 'status': 'NEW', 'clientOrderId': 'x-Cb7ytekJa117a08de1da2eb6671279', 'price': '0.00', 'avgPrice': '0.00', 'origQty': '0.005', 'executedQty': '0.000', 'cumQty': '0.000', 'cumQuote': '0.00000', 'timeInForce': 'GTC', 'type': 'MARKET', 'reduceOnly': False, 'closePosition': False, 'side': 'BUY', 'positionSide': 'BOTH', 'stopPrice': '0.00', 'workingType': 'CONTRACT_PRICE', 'priceProtect': False, 'origType': 'MARKET', 'priceMatch': 'NONE', 'selfTradePreventionMode': 'EXPIRE_MAKER', 'goodTillDate': 0, 'updateTime': 1771680369243}
2026-02-21 18:56:33,821 | INFO | Binance Futures Client Initialized
2026-02-21 18:56:33,822 | INFO | Preparing order
2026-02-21 18:56:33,823 | INFO | Order Params: {'symbol': 'BTCUSDT', 'side': 'SELL', 'type': 'LIMIT', 'quantity': 0.003, 'price': 60000.0, 'timeInForce': 'GTC'}
2026-02-21 18:56:34,913 | ERROR | Order Failed: APIError(code=-4024): Limit price can't be lower than 64715.52.
2026-02-21 18:57:27,180 | INFO | Binance Futures Client Initialized
2026-02-21 18:57:27,181 | INFO | Preparing order
2026-02-21 18:57:27,181 | INFO | Order Params: {'symbol': 'BTCUSDT', 'side': 'SELL', 'type': 'LIMIT', 'quantity': 0.003, 'price': 66000.0, 'timeInForce': 'GTC'}
2026-02-21 18:57:28,054 | INFO | Order Response: {'orderId': 12441363967, 'symbol': 'BTCUSDT', 'status': 'NEW', 'clientOrderId': 'x-Cb7ytekJb393b7307c1e0453face93', 'price': '66000.00', 'avgPrice': '0.00', 'origQty': '0.003', 'executedQty': '0.000', 'cumQty': '0.000', 'cumQuote': '0.00000', 'timeInForce': 'GTC', 'type': 'LIMIT', 'reduceOnly': False, 'closePosition': False, 'side': 'SELL', 'positionSide': 'BOTH', 'stopPrice': '0.00', 'workingType': 'CONTRACT_PRICE', 'priceProtect': False, 'origType': 'LIMIT', 'priceMatch': 'NONE', 'selfTradePreventionMode': 'EXPIRE_MAKER', 'goodTillDate': 0, 'updateTime': 1771680448844}
